  [1m[35m (135.5ms)[0m  [1m[35mCREATE TABLE `schema_migrations` (`version` varchar(255) NOT NULL PRIMARY KEY)[0m
  [1m[35m (57.6ms)[0m  [1m[35mCREATE TABLE `ar_internal_metadata` (`key` varchar(255) NOT NULL PRIMARY KEY, `value` varchar(255), `created_at` datetime(6) NOT NULL, `updated_at` datetime(6) NOT NULL)[0m
  [1m[35m (3.7ms)[0m  [1m[34mSELECT GET_LOCK('4012836574823605305', 0)[0m
  [1m[35m (2.6ms)[0m  [1m[34mSELECT `schema_migrations`.`version` FROM `schema_migrations` ORDER BY `schema_migrations`.`version` ASC[0m
Migrating to CreateEmployees (20210922091544)
  [1m[35m (47.2ms)[0m  [1m[35mCREATE TABLE `employees` (`id` bigint NOT NULL AUTO_INCREMENT PRIMARY KEY, `name` varchar(255), `employer_id` int, `created_at` datetime(6) NOT NULL, `updated_at` datetime(6) NOT NULL)[0m
  [1m[36mTRANSACTION (2.9ms)[0m  [1m[35mBEGIN[0m
  [1m[36mActiveRecord::SchemaMigration Create (3.4ms)[0m  [1m[32mINSERT INTO `schema_migrations` (`version`) VALUES ('20210922091544')[0m
  [1m[36mTRANSACTION (1.4ms)[0m  [1m[35mCOMMIT[0m
  [1m[36mActiveRecord::InternalMetadata Load (0.5ms)[0m  [1m[34mSELECT `ar_internal_metadata`.* FROM `ar_internal_metadata` WHERE `ar_internal_metadata`.`key` = 'environment' LIMIT 1[0m
  [1m[36mTRANSACTION (0.2ms)[0m  [1m[35mBEGIN[0m
  [1m[36mActiveRecord::InternalMetadata Create (2.0ms)[0m  [1m[32mINSERT INTO `ar_internal_metadata` (`key`, `value`, `created_at`, `updated_at`) VALUES ('environment', 'development', '2021-09-22 09:30:20.307953', '2021-09-22 09:30:20.307953')[0m
  [1m[36mTRANSACTION (0.8ms)[0m  [1m[35mCOMMIT[0m
  [1m[35m (3.7ms)[0m  [1m[34mSELECT RELEASE_LOCK('4012836574823605305')[0m
  [1m[35m (20.0ms)[0m  [1m[34mSELECT `schema_migrations`.`version` FROM `schema_migrations` ORDER BY `schema_migrations`.`version` ASC[0m
  [1m[35m (0.7ms)[0m  [1m[34mSELECT GET_LOCK('4012836574823605305', 0)[0m
  [1m[35m (2.3ms)[0m  [1m[34mSELECT `schema_migrations`.`version` FROM `schema_migrations` ORDER BY `schema_migrations`.`version` ASC[0m
Migrating to CreateEmployers (20210922095355)
  [1m[35m (285.5ms)[0m  [1m[35mCREATE TABLE `employers` (`id` bigint NOT NULL AUTO_INCREMENT PRIMARY KEY, `name` varchar(255), `phone` varchar(255), `created_at` datetime(6) NOT NULL, `updated_at` datetime(6) NOT NULL)[0m
  [1m[36mTRANSACTION (1.2ms)[0m  [1m[35mBEGIN[0m
  [1m[36mActiveRecord::SchemaMigration Create (4.4ms)[0m  [1m[32mINSERT INTO `schema_migrations` (`version`) VALUES ('20210922095355')[0m
  [1m[36mTRANSACTION (0.6ms)[0m  [1m[35mCOMMIT[0m
  [1m[36mActiveRecord::InternalMetadata Load (0.4ms)[0m  [1m[34mSELECT `ar_internal_metadata`.* FROM `ar_internal_metadata` WHERE `ar_internal_metadata`.`key` = 'environment' LIMIT 1[0m
  [1m[35m (5.9ms)[0m  [1m[34mSELECT RELEASE_LOCK('4012836574823605305')[0m
  [1m[35m (3.3ms)[0m  [1m[34mSELECT `schema_migrations`.`version` FROM `schema_migrations` ORDER BY `schema_migrations`.`version` ASC[0m
  [1m[36mEmployee Load (3.4ms)[0m  [1m[34mSELECT `employees`.* FROM `employees` ORDER BY `employees`.`id` ASC LIMIT 1[0m
  [1m[36mTRANSACTION (0.2ms)[0m  [1m[35mBEGIN[0m
  [1m[36mEmployer Create (9.5ms)[0m  [1m[32mINSERT INTO `employers` (`name`, `phone`, `created_at`, `updated_at`) VALUES ('sakthi', '09099000', '2021-09-22 10:00:01.856921', '2021-09-22 10:00:01.856921')[0m
  [1m[36mTRANSACTION (0.8ms)[0m  [1m[35mCOMMIT[0m
  [1m[36mEmployer Load (5.7ms)[0m  [1m[34mSELECT `employers`.* FROM `employers` INNER JOIN `employees` ON `employees`.`employer_id` = `employers`.`id` /* loading for inspect */ LIMIT 11[0m
  [1m[36mEmployer Load (0.9ms)[0m  [1m[34mSELECT `employers`.* FROM `employers` ORDER BY `employers`.`id` ASC LIMIT 1[0m
  [1m[36mEmployer Load (2.9ms)[0m  [1m[34mSELECT `employers`.* FROM `employers` INNER JOIN `employees` ON `employees`.`employer_id` = `employers`.`id` /* loading for inspect */ LIMIT 11[0m
  [1m[35m (2.9ms)[0m  [1m[34mSELECT GET_LOCK('4012836574823605305', 0)[0m
  [1m[35m (4.5ms)[0m  [1m[34mSELECT `schema_migrations`.`version` FROM `schema_migrations` ORDER BY `schema_migrations`.`version` ASC[0m
  [1m[36mActiveRecord::InternalMetadata Load (4.7ms)[0m  [1m[34mSELECT `ar_internal_metadata`.* FROM `ar_internal_metadata` WHERE `ar_internal_metadata`.`key` = 'environment' LIMIT 1[0m
  [1m[35m (2.0ms)[0m  [1m[34mSELECT RELEASE_LOCK('4012836574823605305')[0m
  [1m[35m (7.8ms)[0m  [1m[34mSELECT `schema_migrations`.`version` FROM `schema_migrations` ORDER BY `schema_migrations`.`version` ASC[0m
